*** libs/type_traits/alignment_test.cpp ***

** GCC 2.95.2
g++ -o boosttmp.exe -ftemplate-depth-30 -I../.. ../../libs/type_traits/alignment_test.cpp
boosttmp.exe
13 tests completed, 0 failures found, 0 failures expected from this compiler.
Pass

** Borland C++ 5.5.1
bcc32 -eboosttmp.exe -I../.. -j10 -q ../../libs/type_traits/alignment_test.cpp
../../libs/type_traits/alignment_test.cpp:
boosttmp.exe
13 tests completed, 0 failures found, 0 failures expected from this compiler.
Pass

** Microsoft Visual C++
cl /Feboosttmp.exe /nologo /Zm400 /MDd /W3 /GR /GX /Zi /Od /GZ /I "../.." /D "WIN32" /D "_DEBUG" /D "_MBCS" /D "_CONSOLE" ../../libs/type_traits/alignment_test.cpp /link user32.lib
alignment_test.cpp
../../libs/type_traits/alignment_test.cpp(15) : warning C4305: 'argument' : truncation from 'enum ' to 'bool'
        ../../libs/type_traits/alignment_test.cpp(15) : while compiling class-template member function '__thiscall nested_tester_alignment_of<int>::nested_tester_alignment_of<int>(const char *)'
LINK : LNK6004: boosttmp.exe not found or not built by the last incremental link; performing full link
boosttmp.exe
10 tests completed, 0 failures found, 0 failures expected from this compiler.
Pass

** Microsoft Visual C++ with STLport
cl /Feboosttmp.exe /nologo /Zm400 /MDd /W3 /GR /GX /Zi /Od /GZ /I "e:/stlport//stlport" /I "../.." /D "WIN32" /D "_DEBUG" /D "_MBCS" /D "_CONSOLE" ../../libs/type_traits/alignment_test.cpp /link /libpath:e:/stlport/lib user32.lib
alignment_test.cpp
../../libs/type_traits/alignment_test.cpp(15) : warning C4305: 'argument' : truncation from 'enum ' to 'bool'
        ../../libs/type_traits/alignment_test.cpp(15) : while compiling class-template member function '__thiscall nested_tester_alignment_of<int>::nested_tester_alignment_of<int>(const char *)'
boosttmp.exe
10 tests completed, 0 failures found, 0 failures expected from this compiler.
Pass

*** libs/type_traits/arithmetic_traits_test.cpp ***

** GCC 2.95.2
g++ -o boosttmp.exe -ftemplate-depth-30 -I../.. ../../libs/type_traits/arithmetic_traits_test.cpp
boosttmp.exe
111 tests completed, 0 failures found, 0 failures expected from this compiler.
Pass

** Borland C++ 5.5.1
bcc32 -eboosttmp.exe -I../.. -j10 -q ../../libs/type_traits/arithmetic_traits_test.cpp
../../libs/type_traits/arithmetic_traits_test.cpp:
boosttmp.exe
123 tests completed, 0 failures found, 0 failures expected from this compiler.
Pass

** Microsoft Visual C++
cl /Feboosttmp.exe /nologo /Zm400 /MDd /W3 /GR /GX /Zi /Od /GZ /I "../.." /D "WIN32" /D "_DEBUG" /D "_MBCS" /D "_CONSOLE" ../../libs/type_traits/arithmetic_traits_test.cpp /link user32.lib
arithmetic_traits_test.cpp
LINK : LNK6004: boosttmp.exe not found or not built by the last incremental link; performing full link
boosttmp.exe
123 tests completed, 0 failures found, 0 failures expected from this compiler.
Pass

** Microsoft Visual C++ with STLport
cl /Feboosttmp.exe /nologo /Zm400 /MDd /W3 /GR /GX /Zi /Od /GZ /I "e:/stlport//stlport" /I "../.." /D "WIN32" /D "_DEBUG" /D "_MBCS" /D "_CONSOLE" ../../libs/type_traits/arithmetic_traits_test.cpp /link /libpath:e:/stlport/lib user32.lib
arithmetic_traits_test.cpp
boosttmp.exe
123 tests completed, 0 failures found, 0 failures expected from this compiler.
Pass

*** libs/type_traits/composite_traits_test.cpp ***

** GCC 2.95.2
g++ -o boosttmp.exe -ftemplate-depth-30 -I../.. ../../libs/type_traits/composite_traits_test.cpp
boosttmp.exe
checking value of boost::is_reference<cr_type>::value...failed
	found: 0 expected 1
65 tests completed, 1 failures found, 1 failures expected from this compiler.
Pass

** Borland C++ 5.5.1
bcc32 -eboosttmp.exe -I../.. -j10 -q ../../libs/type_traits/composite_traits_test.cpp
../../libs/type_traits/composite_traits_test.cpp:
boosttmp.exe
checking value of boost::is_pointer<int(&)[2]>::value...failed
	found: 1 expected 0
checking value of boost::is_enum<enum_UDT>::value...failed
	found: 0 expected 1
65 tests completed, 2 failures found, 2 failures expected from this compiler.
Pass

** Microsoft Visual C++
cl /Feboosttmp.exe /nologo /Zm400 /MDd /W3 /GR /GX /Zi /Od /GZ /I "../.." /D "WIN32" /D "_DEBUG" /D "_MBCS" /D "_CONSOLE" ../../libs/type_traits/composite_traits_test.cpp /link user32.lib
composite_traits_test.cpp
LINK : LNK6004: boosttmp.exe not found or not built by the last incremental link; performing full link
boosttmp.exe
checking value of boost::is_reference<const volatile int &>::value...failed
	found: 0 expected 1
65 tests completed, 1 failures found, 1 failures expected from this compiler.
Pass

** Microsoft Visual C++ with STLport
cl /Feboosttmp.exe /nologo /Zm400 /MDd /W3 /GR /GX /Zi /Od /GZ /I "e:/stlport//stlport" /I "../.." /D "WIN32" /D "_DEBUG" /D "_MBCS" /D "_CONSOLE" ../../libs/type_traits/composite_traits_test.cpp /link /libpath:e:/stlport/lib user32.lib
composite_traits_test.cpp
boosttmp.exe
checking value of boost::is_reference<const volatile int &>::value...failed
	found: 0 expected 1
65 tests completed, 1 failures found, 1 failures expected from this compiler.
Pass

*** libs/type_traits/cv_traits_test.cpp ***

** GCC 2.95.2
g++ -o boosttmp.exe -ftemplate-depth-30 -I../.. ../../libs/type_traits/cv_traits_test.cpp
boosttmp.exe
18 tests completed, 0 failures found, 0 failures expected from this compiler.
Pass

** Borland C++ 5.5.1
bcc32 -eboosttmp.exe -I../.. -j10 -q ../../libs/type_traits/cv_traits_test.cpp
../../libs/type_traits/cv_traits_test.cpp:
boosttmp.exe
18 tests completed, 0 failures found, 0 failures expected from this compiler.
Pass

** Microsoft Visual C++
cl /Feboosttmp.exe /nologo /Zm400 /MDd /W3 /GR /GX /Zi /Od /GZ /I "../.." /D "WIN32" /D "_DEBUG" /D "_MBCS" /D "_CONSOLE" ../../libs/type_traits/cv_traits_test.cpp /link user32.lib
cv_traits_test.cpp
LINK : LNK6004: boosttmp.exe not found or not built by the last incremental link; performing full link
boosttmp.exe
checking value of boost::is_const<const void>::value...failed
	found: 0 expected 1
checking value of boost::is_volatile<volatile void>::value...failed
	found: 0 expected 1
18 tests completed, 2 failures found, 2 failures expected from this compiler.
Pass

** Microsoft Visual C++ with STLport
cl /Feboosttmp.exe /nologo /Zm400 /MDd /W3 /GR /GX /Zi /Od /GZ /I "e:/stlport//stlport" /I "../.." /D "WIN32" /D "_DEBUG" /D "_MBCS" /D "_CONSOLE" ../../libs/type_traits/cv_traits_test.cpp /link /libpath:e:/stlport/lib user32.lib
cv_traits_test.cpp
boosttmp.exe
checking value of boost::is_const<const void>::value...failed
	found: 0 expected 1
checking value of boost::is_volatile<volatile void>::value...failed
	found: 0 expected 1
18 tests completed, 2 failures found, 2 failures expected from this compiler.
Pass

*** libs/type_traits/is_convertible_test.cpp ***

** GCC 2.95.2
g++ -o boosttmp.exe -ftemplate-depth-30 -I../.. ../../libs/type_traits/is_convertible_test.cpp
boosttmp.exe
37 tests completed, 0 failures found, 0 failures expected from this compiler.
Pass

** Borland C++ 5.5.1
bcc32 -eboosttmp.exe -I../.. -j10 -q ../../libs/type_traits/is_convertible_test.cpp
../../libs/type_traits/is_convertible_test.cpp:
Error E2396 ../../libs/type_traits/is_convertible_test.cpp 54: Template argument must be a constant expression in function main(int,char * *)
Error E2299 ../../libs/type_traits/is_convertible_test.cpp 54: Cannot generate template specialization from 'checker<(value)>' in function main(int,char * *)
Error E2379 ../../libs/type_traits/is_convertible_test.cpp 54: Statement missing ; in function main(int,char * *)
*** 3 errors in Compile ***
Fail

** Microsoft Visual C++
cl /Feboosttmp.exe /nologo /Zm400 /MDd /W3 /GR /GX /Zi /Od /GZ /I "../.." /D "WIN32" /D "_DEBUG" /D "_MBCS" /D "_CONSOLE" ../../libs/type_traits/is_convertible_test.cpp /link user32.lib
is_convertible_test.cpp
LINK : LNK6004: boosttmp.exe not found or not built by the last incremental link; performing full link
boosttmp.exe
37 tests completed, 0 failures found, 0 failures expected from this compiler.
Pass

** Microsoft Visual C++ with STLport
cl /Feboosttmp.exe /nologo /Zm400 /MDd /W3 /GR /GX /Zi /Od /GZ /I "e:/stlport//stlport" /I "../.." /D "WIN32" /D "_DEBUG" /D "_MBCS" /D "_CONSOLE" ../../libs/type_traits/is_convertible_test.cpp /link /libpath:e:/stlport/lib user32.lib
is_convertible_test.cpp
../..\boost/type_traits/conversion_traits.hpp(57) : warning C4244: 'argument' : conversion from 'float' to 'int', possible loss of data
        ../..\boost/type_traits/conversion_traits.hpp(83) : see reference to class template instantiation 'boost::detail::from_not_void_conversion::bind<float,int>' being compiled
        ../../libs/type_traits/is_convertible_test.cpp(21) : see reference to class template instantiation 'boost::is_convertible<float,int>' being compiled
boosttmp.exe
37 tests completed, 0 failures found, 0 failures expected from this compiler.
Pass

*** libs/type_traits/is_same_test.cpp ***

** GCC 2.95.2
g++ -o boosttmp.exe -ftemplate-depth-30 -I../.. ../../libs/type_traits/is_same_test.cpp
boosttmp.exe
10 tests completed, 0 failures found, 0 failures expected from this compiler.
Pass

** Borland C++ 5.5.1
bcc32 -eboosttmp.exe -I../.. -j10 -q ../../libs/type_traits/is_same_test.cpp
../../libs/type_traits/is_same_test.cpp:
boosttmp.exe
10 tests completed, 0 failures found, 0 failures expected from this compiler.
Pass

** Microsoft Visual C++
cl /Feboosttmp.exe /nologo /Zm400 /MDd /W3 /GR /GX /Zi /Od /GZ /I "../.." /D "WIN32" /D "_DEBUG" /D "_MBCS" /D "_CONSOLE" ../../libs/type_traits/is_same_test.cpp /link user32.lib
is_same_test.cpp
LINK : LNK6004: boosttmp.exe not found or not built by the last incremental link; performing full link
boosttmp.exe
10 tests completed, 0 failures found, 0 failures expected from this compiler.
Pass

** Microsoft Visual C++ with STLport
cl /Feboosttmp.exe /nologo /Zm400 /MDd /W3 /GR /GX /Zi /Od /GZ /I "e:/stlport//stlport" /I "../.." /D "WIN32" /D "_DEBUG" /D "_MBCS" /D "_CONSOLE" ../../libs/type_traits/is_same_test.cpp /link /libpath:e:/stlport/lib user32.lib
is_same_test.cpp
boosttmp.exe
10 tests completed, 0 failures found, 0 failures expected from this compiler.
Pass

*** libs/type_traits/object_type_traits_test.cpp ***

** GCC 2.95.2
g++ -o boosttmp.exe -ftemplate-depth-30 -I../.. ../../libs/type_traits/object_type_traits_test.cpp
boosttmp.exe
checking value of boost::has_trivial_constructor<empty_UDT>::value...failed
	found: 0 expected 1
checking value of boost::has_trivial_copy<empty_UDT>::value...failed
	found: 0 expected 1
checking value of boost::has_trivial_assign<empty_UDT>::value...failed
	found: 0 expected 1
checking value of boost::is_empty<empty_UDT>::value...failed
	found: 0 expected 1
checking value of boost::is_empty<empty_POD_UDT>::value...failed
	found: 0 expected 1
checking value of boost::is_empty<empty_union_UDT>::value...failed
   boost::is_empty<empty_union_UDT>::value does not compile on this compiler
checking value of boost::is_empty<boost::noncopyable>::value...failed
	found: 0 expected 1
122 tests completed, 7 failures found, 7 failures expected from this compiler.
Pass

** Borland C++ 5.5.1
bcc32 -eboosttmp.exe -I../.. -j10 -q ../../libs/type_traits/object_type_traits_test.cpp
../../libs/type_traits/object_type_traits_test.cpp:
boosttmp.exe
checking value of boost::is_class<enum_UDT>::value...failed
	found: 1 expected 0
checking value of boost::is_POD<enum_UDT>::value...failed
	found: 0 expected 1
checking value of boost::has_trivial_constructor<empty_UDT>::value...failed
	found: 0 expected 1
checking value of boost::has_trivial_constructor<enum_UDT>::value...failed
	found: 0 expected 1
checking value of boost::has_trivial_copy<empty_UDT>::value...failed
	found: 0 expected 1
checking value of boost::has_trivial_copy<enum_UDT>::value...failed
	found: 0 expected 1
checking value of boost::has_trivial_assign<empty_UDT>::value...failed
	found: 0 expected 1
checking value of boost::has_trivial_assign<enum_UDT>::value...failed
	found: 0 expected 1
checking value of boost::has_trivial_destructor<enum_UDT>::value...failed
	found: 0 expected 1
checking value of boost::is_empty<empty_UDT>::value...failed
	found: 0 expected 1
checking value of boost::is_empty<empty_POD_UDT>::value...failed
	found: 0 expected 1
checking value of boost::is_empty<empty_union_UDT>::value...failed
   boost::is_empty<empty_union_UDT>::value does not compile on this compiler
checking value of boost::is_empty<boost::noncopyable>::value...failed
	found: 0 expected 1
122 tests completed, 13 failures found, 13 failures expected from this compiler.
Pass

** Microsoft Visual C++
cl /Feboosttmp.exe /nologo /Zm400 /MDd /W3 /GR /GX /Zi /Od /GZ /I "../.." /D "WIN32" /D "_DEBUG" /D "_MBCS" /D "_CONSOLE" ../../libs/type_traits/object_type_traits_test.cpp /link user32.lib
object_type_traits_test.cpp
LINK : LNK6004: boosttmp.exe not found or not built by the last incremental link; performing full link
boosttmp.exe
checking value of boost::is_POD<int[2]>::value...failed
	found: 0 expected 1
checking value of boost::is_POD<int[3][2]>::value...failed
	found: 0 expected 1
checking value of boost::is_POD<int[2][4][5][6][3]>::value...failed
	found: 0 expected 1
checking value of boost::has_trivial_constructor<int[2]>::value...failed
	found: 0 expected 1
checking value of boost::has_trivial_constructor<int[3][2]>::value...failed
	found: 0 expected 1
checking value of boost::has_trivial_constructor<int[2][4][5][6][3]>::value...failed
	found: 0 expected 1
checking value of boost::has_trivial_constructor<empty_UDT>::value...failed
	found: 0 expected 1
checking value of boost::has_trivial_copy<int[2]>::value...failed
	found: 0 expected 1
checking value of boost::has_trivial_copy<int[3][2]>::value...failed
	found: 0 expected 1
checking value of boost::has_trivial_copy<int[2][4][5][6][3]>::value...failed
	found: 0 expected 1
checking value of boost::has_trivial_copy<empty_UDT>::value...failed
	found: 0 expected 1
checking value of boost::has_trivial_assign<int[2]>::value...failed
	found: 0 expected 1
checking value of boost::has_trivial_assign<int[3][2]>::value...failed
	found: 0 expected 1
checking value of boost::has_trivial_assign<int[2][4][5][6][3]>::value...failed
	found: 0 expected 1
checking value of boost::has_trivial_assign<empty_UDT>::value...failed
	found: 0 expected 1
checking value of boost::has_trivial_destructor<int[2]>::value...failed
	found: 0 expected 1
checking value of boost::has_trivial_destructor<int[3][2]>::value...failed
	found: 0 expected 1
checking value of boost::has_trivial_destructor<int[2][4][5][6][3]>::value...failed
	found: 0 expected 1
checking value of boost::is_empty<empty_union_UDT>::value...failed
   boost::is_empty<empty_union_UDT>::value does not compile on this compiler
122 tests completed, 19 failures found, 19 failures expected from this compiler.
Pass

** Microsoft Visual C++ with STLport
cl /Feboosttmp.exe /nologo /Zm400 /MDd /W3 /GR /GX /Zi /Od /GZ /I "e:/stlport//stlport" /I "../.." /D "WIN32" /D "_DEBUG" /D "_MBCS" /D "_CONSOLE" ../../libs/type_traits/object_type_traits_test.cpp /link /libpath:e:/stlport/lib user32.lib
object_type_traits_test.cpp
boosttmp.exe
checking value of boost::is_POD<int[2]>::value...failed
	found: 0 expected 1
checking value of boost::is_POD<int[3][2]>::value...failed
	found: 0 expected 1
checking value of boost::is_POD<int[2][4][5][6][3]>::value...failed
	found: 0 expected 1
checking value of boost::has_trivial_constructor<int[2]>::value...failed
	found: 0 expected 1
checking value of boost::has_trivial_constructor<int[3][2]>::value...failed
	found: 0 expected 1
checking value of boost::has_trivial_constructor<int[2][4][5][6][3]>::value...failed
	found: 0 expected 1
checking value of boost::has_trivial_constructor<empty_UDT>::value...failed
	found: 0 expected 1
checking value of boost::has_trivial_copy<int[2]>::value...failed
	found: 0 expected 1
checking value of boost::has_trivial_copy<int[3][2]>::value...failed
	found: 0 expected 1
checking value of boost::has_trivial_copy<int[2][4][5][6][3]>::value...failed
	found: 0 expected 1
checking value of boost::has_trivial_copy<empty_UDT>::value...failed
	found: 0 expected 1
checking value of boost::has_trivial_assign<int[2]>::value...failed
	found: 0 expected 1
checking value of boost::has_trivial_assign<int[3][2]>::value...failed
	found: 0 expected 1
checking value of boost::has_trivial_assign<int[2][4][5][6][3]>::value...failed
	found: 0 expected 1
checking value of boost::has_trivial_assign<empty_UDT>::value...failed
	found: 0 expected 1
checking value of boost::has_trivial_destructor<int[2]>::value...failed
	found: 0 expected 1
checking value of boost::has_trivial_destructor<int[3][2]>::value...failed
	found: 0 expected 1
checking value of boost::has_trivial_destructor<int[2][4][5][6][3]>::value...failed
	found: 0 expected 1
checking value of boost::is_empty<empty_union_UDT>::value...failed
   boost::is_empty<empty_union_UDT>::value does not compile on this compiler
122 tests completed, 19 failures found, 19 failures expected from this compiler.
Pass

*** libs/type_traits/transform_traits_test.cpp ***

** GCC 2.95.2
g++ -o boosttmp.exe -ftemplate-depth-30 -I../.. ../../libs/type_traits/transform_traits_test.cpp
boosttmp.exe
checking type of boost::remove_reference<cr_type>::type...failed
   expected type was int
   typeid(int) was: i
   typeid(boost::remove_reference<cr_type>::type) was: i
   In template class t12type_checker2ZiZCRi
39 tests completed, 1 failures found, 1 failures expected from this compiler.
Pass

** Borland C++ 5.5.1
bcc32 -eboosttmp.exe -I../.. -j10 -q ../../libs/type_traits/transform_traits_test.cpp
../../libs/type_traits/transform_traits_test.cpp:
boosttmp.exe
checking type of boost::remove_const<volatile int>::type...failed
   expected type was volatile int
   typeid(volatile int) was: int
   typeid(boost::remove_const<volatile int>::type) was: int
   In template class type_checker<volatile int,int>
checking type of boost::remove_const<const volatile int>::type...failed
   expected type was volatile int
   typeid(volatile int) was: int
   typeid(boost::remove_const<const volatile int>::type) was: int
   In template class type_checker<volatile int,int>
checking type of boost::remove_volatile<const int>::type...failed
   expected type was const int
   typeid(const int) was: int
   typeid(boost::remove_volatile<const int>::type) was: int
   In template class type_checker<const int,int>
checking type of boost::remove_volatile<const volatile int>::type...failed
   expected type was const int
   typeid(const int) was: int
   typeid(boost::remove_volatile<const volatile int>::type) was: int
   In template class type_checker<const int,int>
39 tests completed, 4 failures found, 4 failures expected from this compiler.
Pass

** Microsoft Visual C++
cl /Feboosttmp.exe /nologo /Zm400 /MDd /W3 /GR /GX /Zi /Od /GZ /I "../.." /D "WIN32" /D "_DEBUG" /D "_MBCS" /D "_CONSOLE" ../../libs/type_traits/transform_traits_test.cpp /link user32.lib
transform_traits_test.cpp
LINK : LNK6004: boosttmp.exe not found or not built by the last incremental link; performing full link
boosttmp.exe
checking type of boost::remove_const<const int>::type...failed
   expected type was int
   typeid(int) was: int
   typeid(boost::remove_const<const int>::type) was: int
   In template class struct type_checker<int,int const >
checking type of boost::remove_const<const volatile int>::type...failed
   expected type was volatile int
   typeid(volatile int) was: int
   typeid(boost::remove_const<const volatile int>::type) was: int
   In template class struct type_checker<int volatile ,int const volatile >
checking type of boost::remove_const<int* const>::type...failed
   expected type was int*
   typeid(int*) was: int *
   typeid(boost::remove_const<int* const>::type) was: int *
   In template class struct type_checker<int *,int * const>
checking type of boost::remove_volatile<volatile int>::type...failed
   expected type was int
   typeid(int) was: int
   typeid(boost::remove_volatile<volatile int>::type) was: int
   In template class struct type_checker<int,int volatile >
checking type of boost::remove_volatile<const volatile int>::type...failed
   expected type was const int
   typeid(const int) was: int
   typeid(boost::remove_volatile<const volatile int>::type) was: int
   In template class struct type_checker<int const ,int const volatile >
checking type of boost::remove_volatile<int* volatile>::type...failed
   expected type was int*
   typeid(int*) was: int *
   typeid(boost::remove_volatile<int* volatile>::type) was: int *
   In template class struct type_checker<int *,int * volatile>
checking type of boost::remove_cv<volatile int>::type...failed
   expected type was int
   typeid(int) was: int
   typeid(boost::remove_cv<volatile int>::type) was: int
   In template class struct type_checker<int,int volatile >
checking type of boost::remove_cv<const int>::type...failed
   expected type was int
   typeid(int) was: int
   typeid(boost::remove_cv<const int>::type) was: int
   In template class struct type_checker<int,int const >
checking type of boost::remove_cv<const volatile int>::type...failed
   expected type was int
   typeid(int) was: int
   typeid(boost::remove_cv<const volatile int>::type) was: int
   In template class struct type_checker<int,int const volatile >
checking type of boost::remove_cv<int* volatile>::type...failed
   expected type was int*
   typeid(int*) was: int *
   typeid(boost::remove_cv<int* volatile>::type) was: int *
   In template class struct type_checker<int *,int * volatile>
checking type of boost::remove_cv<int* const>::type...failed
   expected type was int*
   typeid(int*) was: int *
   typeid(boost::remove_cv<int* const>::type) was: int *
   In template class struct type_checker<int *,int * const>
checking type of boost::remove_cv<int* const volatile>::type...failed
   expected type was int*
   typeid(int*) was: int *
   typeid(boost::remove_cv<int* const volatile>::type) was: int *
   In template class struct type_checker<int *,int * const volatile>
checking type of boost::remove_cv<const int * const>::type...failed
   expected type was const int *
   typeid(const int *) was: int const *
   typeid(boost::remove_cv<const int * const>::type) was: int const *
   In template class struct type_checker<int const *,int const * const>
checking type of boost::remove_reference<int&>::type...failed
   expected type was int
   typeid(int) was: int
   typeid(boost::remove_reference<int&>::type) was: int &
   In template class struct type_checker<int,int &>
checking type of boost::remove_reference<const int&>::type...failed
   expected type was const int
   typeid(const int) was: int
   typeid(boost::remove_reference<const int&>::type) was: int const &
   In template class struct type_checker<int const ,int const &>
checking type of boost::remove_reference<volatile int&>::type...failed
   expected type was volatile int
   typeid(volatile int) was: int
   typeid(boost::remove_reference<volatile int&>::type) was: int volatile &
   In template class struct type_checker<int volatile ,int volatile &>
checking type of boost::remove_reference<cr_type>::type...failed
   expected type was int
   typeid(int) was: int
   typeid(boost::remove_reference<cr_type>::type) was: int &
   In template class struct type_checker<int,int &>
checking type of boost::remove_bounds<int[3]>::type...failed
   expected type was int
   typeid(int) was: int
   typeid(boost::remove_bounds<int[3]>::type) was: int [3]
   In template class struct type_checker<int,int [3]>
checking type of boost::remove_bounds<int[2][3]>::type...failed
   expected type was int[3]
   typeid(int[3]) was: int [3]
   typeid(boost::remove_bounds<int[2][3]>::type) was: int [2][3]
   In template class struct type_checker<int [3],int [2][3]>
checking type of boost::remove_pointer<int*>::type...failed
   expected type was int
   typeid(int) was: int
   typeid(boost::remove_pointer<int*>::type) was: int *
   In template class struct type_checker<int,int *>
checking type of boost::remove_pointer<const int*>::type...failed
   expected type was const int
   typeid(const int) was: int
   typeid(boost::remove_pointer<const int*>::type) was: int const *
   In template class struct type_checker<int const ,int const *>
checking type of boost::remove_pointer<int*const>::type...failed
   expected type was int
   typeid(int) was: int
   typeid(boost::remove_pointer<int*const>::type) was: int *
   In template class struct type_checker<int,int * const>
checking type of boost::remove_pointer<volatile int*const volatile>::type...failed
   expected type was volatile int
   typeid(volatile int) was: int
   typeid(boost::remove_pointer<volatile int*const volatile>::type) was: int volatile *
   In template class struct type_checker<int volatile ,int volatile * const volatile>
39 tests completed, 23 failures found, 0 failures expected from this compiler.
Fail

** Microsoft Visual C++ with STLport
cl /Feboosttmp.exe /nologo /Zm400 /MDd /W3 /GR /GX /Zi /Od /GZ /I "e:/stlport//stlport" /I "../.." /D "WIN32" /D "_DEBUG" /D "_MBCS" /D "_CONSOLE" ../../libs/type_traits/transform_traits_test.cpp /link /libpath:e:/stlport/lib user32.lib
transform_traits_test.cpp
boosttmp.exe
checking type of boost::remove_const<const int>::type...failed
   expected type was int
   typeid(int) was: int
   typeid(boost::remove_const<const int>::type) was: int
   In template class struct type_checker<int,int const >
checking type of boost::remove_const<const volatile int>::type...failed
   expected type was volatile int
   typeid(volatile int) was: int
   typeid(boost::remove_const<const volatile int>::type) was: int
   In template class struct type_checker<int volatile ,int const volatile >
checking type of boost::remove_const<int* const>::type...failed
   expected type was int*
   typeid(int*) was: int *
   typeid(boost::remove_const<int* const>::type) was: int *
   In template class struct type_checker<int *,int * const>
checking type of boost::remove_volatile<volatile int>::type...failed
   expected type was int
   typeid(int) was: int
   typeid(boost::remove_volatile<volatile int>::type) was: int
   In template class struct type_checker<int,int volatile >
checking type of boost::remove_volatile<const volatile int>::type...failed
   expected type was const int
   typeid(const int) was: int
   typeid(boost::remove_volatile<const volatile int>::type) was: int
   In template class struct type_checker<int const ,int const volatile >
checking type of boost::remove_volatile<int* volatile>::type...failed
   expected type was int*
   typeid(int*) was: int *
   typeid(boost::remove_volatile<int* volatile>::type) was: int *
   In template class struct type_checker<int *,int * volatile>
checking type of boost::remove_cv<volatile int>::type...failed
   expected type was int
   typeid(int) was: int
   typeid(boost::remove_cv<volatile int>::type) was: int
   In template class struct type_checker<int,int volatile >
checking type of boost::remove_cv<const int>::type...failed
   expected type was int
   typeid(int) was: int
   typeid(boost::remove_cv<const int>::type) was: int
   In template class struct type_checker<int,int const >
checking type of boost::remove_cv<const volatile int>::type...failed
   expected type was int
   typeid(int) was: int
   typeid(boost::remove_cv<const volatile int>::type) was: int
   In template class struct type_checker<int,int const volatile >
checking type of boost::remove_cv<int* volatile>::type...failed
   expected type was int*
   typeid(int*) was: int *
   typeid(boost::remove_cv<int* volatile>::type) was: int *
   In template class struct type_checker<int *,int * volatile>
checking type of boost::remove_cv<int* const>::type...failed
   expected type was int*
   typeid(int*) was: int *
   typeid(boost::remove_cv<int* const>::type) was: int *
   In template class struct type_checker<int *,int * const>
checking type of boost::remove_cv<int* const volatile>::type...failed
   expected type was int*
   typeid(int*) was: int *
   typeid(boost::remove_cv<int* const volatile>::type) was: int *
   In template class struct type_checker<int *,int * const volatile>
checking type of boost::remove_cv<const int * const>::type...failed
   expected type was const int *
   typeid(const int *) was: int const *
   typeid(boost::remove_cv<const int * const>::type) was: int const *
   In template class struct type_checker<int const *,int const * const>
checking type of boost::remove_reference<int&>::type...failed
   expected type was int
   typeid(int) was: int
   typeid(boost::remove_reference<int&>::type) was: int &
   In template class struct type_checker<int,int &>
checking type of boost::remove_reference<const int&>::type...failed
   expected type was const int
   typeid(const int) was: int
   typeid(boost::remove_reference<const int&>::type) was: int const &
   In template class struct type_checker<int const ,int const &>
checking type of boost::remove_reference<volatile int&>::type...failed
   expected type was volatile int
   typeid(volatile int) was: int
   typeid(boost::remove_reference<volatile int&>::type) was: int volatile &
   In template class struct type_checker<int volatile ,int volatile &>
checking type of boost::remove_reference<cr_type>::type...failed
   expected type was int
   typeid(int) was: int
   typeid(boost::remove_reference<cr_type>::type) was: int &
   In template class struct type_checker<int,int &>
checking type of boost::remove_bounds<int[3]>::type...failed
   expected type was int
   typeid(int) was: int
   typeid(boost::remove_bounds<int[3]>::type) was: int [3]
   In template class struct type_checker<int,int [3]>
checking type of boost::remove_bounds<int[2][3]>::type...failed
   expected type was int[3]
   typeid(int[3]) was: int [3]
   typeid(boost::remove_bounds<int[2][3]>::type) was: int [2][3]
   In template class struct type_checker<int [3],int [2][3]>
checking type of boost::remove_pointer<int*>::type...failed
   expected type was int
   typeid(int) was: int
   typeid(boost::remove_pointer<int*>::type) was: int *
   In template class struct type_checker<int,int *>
checking type of boost::remove_pointer<const int*>::type...failed
   expected type was const int
   typeid(const int) was: int
   typeid(boost::remove_pointer<const int*>::type) was: int const *
   In template class struct type_checker<int const ,int const *>
checking type of boost::remove_pointer<int*const>::type...failed
   expected type was int
   typeid(int) was: int
   typeid(boost::remove_pointer<int*const>::type) was: int *
   In template class struct type_checker<int,int * const>
checking type of boost::remove_pointer<volatile int*const volatile>::type...failed
   expected type was volatile int
   typeid(volatile int) was: int
   typeid(boost::remove_pointer<volatile int*const volatile>::type) was: int volatile *
   In template class struct type_checker<int volatile ,int volatile * const volatile>
39 tests completed, 23 failures found, 0 failures expected from this compiler.
Fail

*** libs/type_traits/trivial_destructor_example.cpp ***

** GCC 2.95.2
g++ -c -ftemplate-depth-30 -I../.. ../../libs/type_traits/trivial_destructor_example.cpp
Pass

** Borland C++ 5.5.1
bcc32 -c -I../.. -j10 -q ../../libs/type_traits/trivial_destructor_example.cpp
../../libs/type_traits/trivial_destructor_example.cpp:
Warning W8027 ../..\boost/smart_ptr.hpp 124: Functions containing try are not expanded inline
Warning W8027 ../..\boost/smart_ptr.hpp 195: Functions containing try are not expanded inline
Warning W8027 ../..\boost/smart_ptr.hpp 265: Functions containing try are not expanded inline
Warning W8027 ../..\boost/smart_ptr.hpp 287: Functions containing try are not expanded inline
Pass

** Microsoft Visual C++
cl /c /nologo /Zm400 /MDd /W3 /GR /GX /Zi /Od /GZ /I "../.." /D "WIN32" /D "_DEBUG" /D "_MBCS" /D "_CONSOLE" ../../libs/type_traits/trivial_destructor_example.cpp
trivial_destructor_example.cpp
Pass

** Microsoft Visual C++ with STLport
cl /c /nologo /Zm400 /MDd /W3 /GR /GX /Zi /Od /GZ /I "e:/stlport/stlport" /I "../.." /D "WIN32" /D "_DEBUG" /D "_MBCS" /D "_CONSOLE" ../../libs/type_traits/trivial_destructor_example.cpp
trivial_destructor_example.cpp
Pass

*** libs/type_traits/copy_example.cpp ***

** GCC 2.95.2
g++ -c -ftemplate-depth-30 -I../.. ../../libs/type_traits/copy_example.cpp
Pass

** Borland C++ 5.5.1
bcc32 -c -I../.. -j10 -q ../../libs/type_traits/copy_example.cpp
../../libs/type_traits/copy_example.cpp:
Warning W8027 ../..\boost/smart_ptr.hpp 124: Functions containing try are not expanded inline
Warning W8027 ../..\boost/smart_ptr.hpp 195: Functions containing try are not expanded inline
Warning W8027 ../..\boost/smart_ptr.hpp 265: Functions containing try are not expanded inline
Warning W8027 ../..\boost/smart_ptr.hpp 287: Functions containing try are not expanded inline
Pass

** Microsoft Visual C++
cl /c /nologo /Zm400 /MDd /W3 /GR /GX /Zi /Od /GZ /I "../.." /D "WIN32" /D "_DEBUG" /D "_MBCS" /D "_CONSOLE" ../../libs/type_traits/copy_example.cpp
copy_example.cpp
Pass

** Microsoft Visual C++ with STLport
cl /c /nologo /Zm400 /MDd /W3 /GR /GX /Zi /Od /GZ /I "e:/stlport/stlport" /I "../.." /D "WIN32" /D "_DEBUG" /D "_MBCS" /D "_CONSOLE" ../../libs/type_traits/copy_example.cpp
copy_example.cpp
Pass

*** libs/type_traits/fill_example.cpp ***

** GCC 2.95.2
g++ -c -ftemplate-depth-30 -I../.. ../../libs/type_traits/fill_example.cpp
Pass

** Borland C++ 5.5.1
bcc32 -c -I../.. -j10 -q ../../libs/type_traits/fill_example.cpp
../../libs/type_traits/fill_example.cpp:
Warning W8027 ../..\boost/smart_ptr.hpp 124: Functions containing try are not expanded inline
Warning W8027 ../..\boost/smart_ptr.hpp 195: Functions containing try are not expanded inline
Warning W8027 ../..\boost/smart_ptr.hpp 265: Functions containing try are not expanded inline
Warning W8027 ../..\boost/smart_ptr.hpp 287: Functions containing try are not expanded inline
Pass

** Microsoft Visual C++
cl /c /nologo /Zm400 /MDd /W3 /GR /GX /Zi /Od /GZ /I "../.." /D "WIN32" /D "_DEBUG" /D "_MBCS" /D "_CONSOLE" ../../libs/type_traits/fill_example.cpp
fill_example.cpp
Pass

** Microsoft Visual C++ with STLport
cl /c /nologo /Zm400 /MDd /W3 /GR /GX /Zi /Od /GZ /I "e:/stlport/stlport" /I "../.." /D "WIN32" /D "_DEBUG" /D "_MBCS" /D "_CONSOLE" ../../libs/type_traits/fill_example.cpp
fill_example.cpp
Pass

*** libs/type_traits/iter_swap_example.cpp ***

** GCC 2.95.2
g++ -c -ftemplate-depth-30 -I../.. ../../libs/type_traits/iter_swap_example.cpp
Pass

** Borland C++ 5.5.1
bcc32 -c -I../.. -j10 -q ../../libs/type_traits/iter_swap_example.cpp
../../libs/type_traits/iter_swap_example.cpp:
Pass

** Microsoft Visual C++
cl /c /nologo /Zm400 /MDd /W3 /GR /GX /Zi /Od /GZ /I "../.." /D "WIN32" /D "_DEBUG" /D "_MBCS" /D "_CONSOLE" ../../libs/type_traits/iter_swap_example.cpp
iter_swap_example.cpp
../../libs/type_traits/iter_swap_example.cpp(108) : warning C4508: 'main' : function should return a value; 'void' return type assumed
e:\VS98\INCLUDE\utility(81) : error C2039: 'iterator_category' : is not a member of '`global namespace''
        ../../libs/type_traits/iter_swap_example.cpp(79) : see reference to class template instantiation 'std::iterator_traits<int *>' being compiled
        ../../libs/type_traits/iter_swap_example.cpp(103) : see reference to function template instantiation 'void __cdecl opt::iter_swap(int *,int *)' being compiled
e:\VS98\INCLUDE\utility(81) : error C2146: syntax error : missing ';' before identifier 'iterator_category'
        ../../libs/type_traits/iter_swap_example.cpp(79) : see reference to class template instantiation 'std::iterator_traits<int *>' being compiled
        ../../libs/type_traits/iter_swap_example.cpp(103) : see reference to function template instantiation 'void __cdecl opt::iter_swap(int *,int *)' being compiled
e:\VS98\INCLUDE\utility(81) : error C2868: 'iterator_category' : illegal syntax for using-declaration; expected qualified-name
        ../../libs/type_traits/iter_swap_example.cpp(79) : see reference to class template instantiation 'std::iterator_traits<int *>' being compiled
        ../../libs/type_traits/iter_swap_example.cpp(103) : see reference to function template instantiation 'void __cdecl opt::iter_swap(int *,int *)' being compiled
e:\VS98\INCLUDE\utility(82) : error C2039: 'value_type' : is not a member of '`global namespace''
        ../../libs/type_traits/iter_swap_example.cpp(79) : see reference to class template instantiation 'std::iterator_traits<int *>' being compiled
        ../../libs/type_traits/iter_swap_example.cpp(103) : see reference to function template instantiation 'void __cdecl opt::iter_swap(int *,int *)' being compiled
e:\VS98\INCLUDE\utility(82) : error C2146: syntax error : missing ';' before identifier 'value_type'
        ../../libs/type_traits/iter_swap_example.cpp(79) : see reference to class template instantiation 'std::iterator_traits<int *>' being compiled
        ../../libs/type_traits/iter_swap_example.cpp(103) : see reference to function template instantiation 'void __cdecl opt::iter_swap(int *,int *)' being compiled
e:\VS98\INCLUDE\utility(82) : error C2868: 'value_type' : illegal syntax for using-declaration; expected qualified-name
        ../../libs/type_traits/iter_swap_example.cpp(79) : see reference to class template instantiation 'std::iterator_traits<int *>' being compiled
        ../../libs/type_traits/iter_swap_example.cpp(103) : see reference to function template instantiation 'void __cdecl opt::iter_swap(int *,int *)' being compiled
e:\VS98\INCLUDE\utility(83) : error C2039: 'distance_type' : is not a member of '`global namespace''
        ../../libs/type_traits/iter_swap_example.cpp(79) : see reference to class template instantiation 'std::iterator_traits<int *>' being compiled
        ../../libs/type_traits/iter_swap_example.cpp(103) : see reference to function template instantiation 'void __cdecl opt::iter_swap(int *,int *)' being compiled
e:\VS98\INCLUDE\utility(83) : error C2146: syntax error : missing ';' before identifier 'distance_type'
        ../../libs/type_traits/iter_swap_example.cpp(79) : see reference to class template instantiation 'std::iterator_traits<int *>' being compiled
        ../../libs/type_traits/iter_swap_example.cpp(103) : see reference to function template instantiation 'void __cdecl opt::iter_swap(int *,int *)' being compiled
e:\VS98\INCLUDE\utility(83) : error C2868: 'distance_type' : illegal syntax for using-declaration; expected qualified-name
        ../../libs/type_traits/iter_swap_example.cpp(79) : see reference to class template instantiation 'std::iterator_traits<int *>' being compiled
        ../../libs/type_traits/iter_swap_example.cpp(103) : see reference to function template instantiation 'void __cdecl opt::iter_swap(int *,int *)' being compiled
../../libs/type_traits/iter_swap_example.cpp(79) : error C2039: 'reference' : is not a member of 'iterator_traits<int *>'
        ../../libs/type_traits/iter_swap_example.cpp(103) : see reference to function template instantiation 'void __cdecl opt::iter_swap(int *,int *)' being compiled
../../libs/type_traits/iter_swap_example.cpp(79) : error C2146: syntax error : missing ';' before identifier 'r1_t'
        ../../libs/type_traits/iter_swap_example.cpp(103) : see reference to function template instantiation 'void __cdecl opt::iter_swap(int *,int *)' being compiled
../../libs/type_traits/iter_swap_example.cpp(79) : error C2065: 'r1_t' : undeclared identifier
        ../../libs/type_traits/iter_swap_example.cpp(103) : see reference to function template instantiation 'void __cdecl opt::iter_swap(int *,int *)' being compiled
../../libs/type_traits/iter_swap_example.cpp(80) : error C2039: 'reference' : is not a member of 'iterator_traits<int *>'
        ../../libs/type_traits/iter_swap_example.cpp(103) : see reference to function template instantiation 'void __cdecl opt::iter_swap(int *,int *)' being compiled
../../libs/type_traits/iter_swap_example.cpp(83) : error C2955: 'is_reference' : use of class template requires template argument list
        ../..\boost/type_traits/composite_traits.hpp(209) : see declaration of 'is_reference'
        ../../libs/type_traits/iter_swap_example.cpp(103) : see reference to function template instantiation 'void __cdecl opt::iter_swap(int *,int *)' being compiled
../../libs/type_traits/iter_swap_example.cpp(84) : error C2027: use of undefined type 'is_reference<int>'
        ../../libs/type_traits/iter_swap_example.cpp(103) : see reference to function template instantiation 'void __cdecl opt::iter_swap(int *,int *)' being compiled
../../libs/type_traits/iter_swap_example.cpp(84) : error C2065: 'value' : undeclared identifier
        ../../libs/type_traits/iter_swap_example.cpp(103) : see reference to function template instantiation 'void __cdecl opt::iter_swap(int *,int *)' being compiled
../../libs/type_traits/iter_swap_example.cpp(85) : error C2955: 'is_same' : use of class template requires template argument list
        ../..\boost/type_traits/same_traits.hpp(56) : see declaration of 'is_same'
        ../../libs/type_traits/iter_swap_example.cpp(103) : see reference to function template instantiation 'void __cdecl opt::iter_swap(int *,int *)' being compiled
../../libs/type_traits/iter_swap_example.cpp(86) : error C2039: 'value' : is not a member of 'is_same'
        ../..\boost/type_traits/same_traits.hpp(56) : see declaration of 'is_same'
        ../../libs/type_traits/iter_swap_example.cpp(103) : see reference to function template instantiation 'void __cdecl opt::iter_swap(int *,int *)' being compiled
../../libs/type_traits/iter_swap_example.cpp(86) : error C2955: 'ice_and' : use of class template requires template argument list
        ../..\boost/type_traits/ice.hpp(60) : see declaration of 'ice_and'
        ../../libs/type_traits/iter_swap_example.cpp(103) : see reference to function template instantiation 'void __cdecl opt::iter_swap(int *,int *)' being compiled
e:\VS98\INCLUDE\utility(81) : error C2039: 'iterator_category' : is not a member of '`global namespace''
        ../../libs/type_traits/iter_swap_example.cpp(79) : see reference to class template instantiation 'std::iterator_traits<bool *>' being compiled
        ../../libs/type_traits/iter_swap_example.cpp(104) : see reference to function template instantiation 'void __cdecl opt::iter_swap(bool *,bool *)' being compiled
e:\VS98\INCLUDE\utility(81) : error C2146: syntax error : missing ';' before identifier 'iterator_category'
        ../../libs/type_traits/iter_swap_example.cpp(79) : see reference to class template instantiation 'std::iterator_traits<bool *>' being compiled
        ../../libs/type_traits/iter_swap_example.cpp(104) : see reference to function template instantiation 'void __cdecl opt::iter_swap(bool *,bool *)' being compiled
e:\VS98\INCLUDE\utility(81) : error C2868: 'iterator_category' : illegal syntax for using-declaration; expected qualified-name
        ../../libs/type_traits/iter_swap_example.cpp(79) : see reference to class template instantiation 'std::iterator_traits<bool *>' being compiled
        ../../libs/type_traits/iter_swap_example.cpp(104) : see reference to function template instantiation 'void __cdecl opt::iter_swap(bool *,bool *)' being compiled
e:\VS98\INCLUDE\utility(82) : error C2039: 'value_type' : is not a member of '`global namespace''
        ../../libs/type_traits/iter_swap_example.cpp(79) : see reference to class template instantiation 'std::iterator_traits<bool *>' being compiled
        ../../libs/type_traits/iter_swap_example.cpp(104) : see reference to function template instantiation 'void __cdecl opt::iter_swap(bool *,bool *)' being compiled
e:\VS98\INCLUDE\utility(82) : error C2146: syntax error : missing ';' before identifier 'value_type'
        ../../libs/type_traits/iter_swap_example.cpp(79) : see reference to class template instantiation 'std::iterator_traits<bool *>' being compiled
        ../../libs/type_traits/iter_swap_example.cpp(104) : see reference to function template instantiation 'void __cdecl opt::iter_swap(bool *,bool *)' being compiled
e:\VS98\INCLUDE\utility(82) : error C2868: 'value_type' : illegal syntax for using-declaration; expected qualified-name
        ../../libs/type_traits/iter_swap_example.cpp(79) : see reference to class template instantiation 'std::iterator_traits<bool *>' being compiled
        ../../libs/type_traits/iter_swap_example.cpp(104) : see reference to function template instantiation 'void __cdecl opt::iter_swap(bool *,bool *)' being compiled
e:\VS98\INCLUDE\utility(83) : error C2039: 'distance_type' : is not a member of '`global namespace''
        ../../libs/type_traits/iter_swap_example.cpp(79) : see reference to class template instantiation 'std::iterator_traits<bool *>' being compiled
        ../../libs/type_traits/iter_swap_example.cpp(104) : see reference to function template instantiation 'void __cdecl opt::iter_swap(bool *,bool *)' being compiled
e:\VS98\INCLUDE\utility(83) : error C2146: syntax error : missing ';' before identifier 'distance_type'
        ../../libs/type_traits/iter_swap_example.cpp(79) : see reference to class template instantiation 'std::iterator_traits<bool *>' being compiled
        ../../libs/type_traits/iter_swap_example.cpp(104) : see reference to function template instantiation 'void __cdecl opt::iter_swap(bool *,bool *)' being compiled
e:\VS98\INCLUDE\utility(83) : error C2868: 'distance_type' : illegal syntax for using-declaration; expected qualified-name
        ../../libs/type_traits/iter_swap_example.cpp(79) : see reference to class template instantiation 'std::iterator_traits<bool *>' being compiled
        ../../libs/type_traits/iter_swap_example.cpp(104) : see reference to function template instantiation 'void __cdecl opt::iter_swap(bool *,bool *)' being compiled
../../libs/type_traits/iter_swap_example.cpp(79) : error C2039: 'reference' : is not a member of 'iterator_traits<bool *>'
        ../../libs/type_traits/iter_swap_example.cpp(104) : see reference to function template instantiation 'void __cdecl opt::iter_swap(bool *,bool *)' being compiled
../../libs/type_traits/iter_swap_example.cpp(79) : error C2146: syntax error : missing ';' before identifier 'r1_t'
        ../../libs/type_traits/iter_swap_example.cpp(104) : see reference to function template instantiation 'void __cdecl opt::iter_swap(bool *,bool *)' being compiled
../../libs/type_traits/iter_swap_example.cpp(80) : error C2039: 'reference' : is not a member of 'iterator_traits<bool *>'
        ../../libs/type_traits/iter_swap_example.cpp(104) : see reference to function template instantiation 'void __cdecl opt::iter_swap(bool *,bool *)' being compiled
../../libs/type_traits/iter_swap_example.cpp(83) : error C2955: 'is_reference' : use of class template requires template argument list
        ../..\boost/type_traits/composite_traits.hpp(209) : see declaration of 'is_reference'
        ../../libs/type_traits/iter_swap_example.cpp(104) : see reference to function template instantiation 'void __cdecl opt::iter_swap(bool *,bool *)' being compiled
../../libs/type_traits/iter_swap_example.cpp(84) : error C2027: use of undefined type 'is_reference<int>'
        ../../libs/type_traits/iter_swap_example.cpp(104) : see reference to function template instantiation 'void __cdecl opt::iter_swap(bool *,bool *)' being compiled
../../libs/type_traits/iter_swap_example.cpp(85) : error C2955: 'is_same' : use of class template requires template argument list
        ../..\boost/type_traits/same_traits.hpp(56) : see declaration of 'is_same'
        ../../libs/type_traits/iter_swap_example.cpp(104) : see reference to function template instantiation 'void __cdecl opt::iter_swap(bool *,bool *)' being compiled
../../libs/type_traits/iter_swap_example.cpp(86) : error C2039: 'value' : is not a member of 'is_same'
        ../..\boost/type_traits/same_traits.hpp(56) : see declaration of 'is_same'
        ../../libs/type_traits/iter_swap_example.cpp(104) : see reference to function template instantiation 'void __cdecl opt::iter_swap(bool *,bool *)' being compiled
../../libs/type_traits/iter_swap_example.cpp(86) : error C2955: 'ice_and' : use of class template requires template argument list
        ../..\boost/type_traits/ice.hpp(60) : see declaration of 'ice_and'
        ../../libs/type_traits/iter_swap_example.cpp(104) : see reference to function template instantiation 'void __cdecl opt::iter_swap(bool *,bool *)' being compiled
Fail

** Microsoft Visual C++ with STLport
cl /c /nologo /Zm400 /MDd /W3 /GR /GX /Zi /Od /GZ /I "e:/stlport/stlport" /I "../.." /D "WIN32" /D "_DEBUG" /D "_MBCS" /D "_CONSOLE" ../../libs/type_traits/iter_swap_example.cpp
iter_swap_example.cpp
../../libs/type_traits/iter_swap_example.cpp(108) : warning C4508: 'main' : function should return a value; 'void' return type assumed
e:/stlport/stlport\stl/_iterator_base.h(103) : error C2039: 'iterator_category' : is not a member of '`global namespace''
        ../../libs/type_traits/iter_swap_example.cpp(79) : see reference to class template instantiation '_STL::iterator_traits<int *>' being compiled
        ../../libs/type_traits/iter_swap_example.cpp(103) : see reference to function template instantiation 'void __cdecl opt::iter_swap(int *,int *)' being compiled
e:/stlport/stlport\stl/_iterator_base.h(103) : error C2146: syntax error : missing ';' before identifier 'iterator_category'
        ../../libs/type_traits/iter_swap_example.cpp(79) : see reference to class template instantiation '_STL::iterator_traits<int *>' being compiled
        ../../libs/type_traits/iter_swap_example.cpp(103) : see reference to function template instantiation 'void __cdecl opt::iter_swap(int *,int *)' being compiled
e:/stlport/stlport\stl/_iterator_base.h(103) : error C2868: 'iterator_category' : illegal syntax for using-declaration; expected qualified-name
        ../../libs/type_traits/iter_swap_example.cpp(79) : see reference to class template instantiation '_STL::iterator_traits<int *>' being compiled
        ../../libs/type_traits/iter_swap_example.cpp(103) : see reference to function template instantiation 'void __cdecl opt::iter_swap(int *,int *)' being compiled
e:/stlport/stlport\stl/_iterator_base.h(104) : error C2039: 'value_type' : is not a member of '`global namespace''
        ../../libs/type_traits/iter_swap_example.cpp(79) : see reference to class template instantiation '_STL::iterator_traits<int *>' being compiled
        ../../libs/type_traits/iter_swap_example.cpp(103) : see reference to function template instantiation 'void __cdecl opt::iter_swap(int *,int *)' being compiled
e:/stlport/stlport\stl/_iterator_base.h(104) : error C2146: syntax error : missing ';' before identifier 'value_type'
        ../../libs/type_traits/iter_swap_example.cpp(79) : see reference to class template instantiation '_STL::iterator_traits<int *>' being compiled
        ../../libs/type_traits/iter_swap_example.cpp(103) : see reference to function template instantiation 'void __cdecl opt::iter_swap(int *,int *)' being compiled
e:/stlport/stlport\stl/_iterator_base.h(104) : error C2868: 'value_type' : illegal syntax for using-declaration; expected qualified-name
        ../../libs/type_traits/iter_swap_example.cpp(79) : see reference to class template instantiation '_STL::iterator_traits<int *>' being compiled
        ../../libs/type_traits/iter_swap_example.cpp(103) : see reference to function template instantiation 'void __cdecl opt::iter_swap(int *,int *)' being compiled
e:/stlport/stlport\stl/_iterator_base.h(105) : error C2039: 'difference_type' : is not a member of '`global namespace''
        ../../libs/type_traits/iter_swap_example.cpp(79) : see reference to class template instantiation '_STL::iterator_traits<int *>' being compiled
        ../../libs/type_traits/iter_swap_example.cpp(103) : see reference to function template instantiation 'void __cdecl opt::iter_swap(int *,int *)' being compiled
e:/stlport/stlport\stl/_iterator_base.h(105) : error C2146: syntax error : missing ';' before identifier 'difference_type'
        ../../libs/type_traits/iter_swap_example.cpp(79) : see reference to class template instantiation '_STL::iterator_traits<int *>' being compiled
        ../../libs/type_traits/iter_swap_example.cpp(103) : see reference to function template instantiation 'void __cdecl opt::iter_swap(int *,int *)' being compiled
e:/stlport/stlport\stl/_iterator_base.h(105) : error C2868: 'difference_type' : illegal syntax for using-declaration; expected qualified-name
        ../../libs/type_traits/iter_swap_example.cpp(79) : see reference to class template instantiation '_STL::iterator_traits<int *>' being compiled
        ../../libs/type_traits/iter_swap_example.cpp(103) : see reference to function template instantiation 'void __cdecl opt::iter_swap(int *,int *)' being compiled
e:/stlport/stlport\stl/_iterator_base.h(106) : error C2039: 'pointer' : is not a member of '`global namespace''
        ../../libs/type_traits/iter_swap_example.cpp(79) : see reference to class template instantiation '_STL::iterator_traits<int *>' being compiled
        ../../libs/type_traits/iter_swap_example.cpp(103) : see reference to function template instantiation 'void __cdecl opt::iter_swap(int *,int *)' being compiled
e:/stlport/stlport\stl/_iterator_base.h(106) : error C2146: syntax error : missing ';' before identifier 'pointer'
        ../../libs/type_traits/iter_swap_example.cpp(79) : see reference to class template instantiation '_STL::iterator_traits<int *>' being compiled
        ../../libs/type_traits/iter_swap_example.cpp(103) : see reference to function template instantiation 'void __cdecl opt::iter_swap(int *,int *)' being compiled
e:/stlport/stlport\stl/_iterator_base.h(106) : error C2868: 'pointer' : illegal syntax for using-declaration; expected qualified-name
        ../../libs/type_traits/iter_swap_example.cpp(79) : see reference to class template instantiation '_STL::iterator_traits<int *>' being compiled
        ../../libs/type_traits/iter_swap_example.cpp(103) : see reference to function template instantiation 'void __cdecl opt::iter_swap(int *,int *)' being compiled
e:/stlport/stlport\stl/_iterator_base.h(107) : error C2039: 'reference' : is not a member of '`global namespace''
        ../../libs/type_traits/iter_swap_example.cpp(79) : see reference to class template instantiation '_STL::iterator_traits<int *>' being compiled
        ../../libs/type_traits/iter_swap_example.cpp(103) : see reference to function template instantiation 'void __cdecl opt::iter_swap(int *,int *)' being compiled
e:/stlport/stlport\stl/_iterator_base.h(107) : error C2146: syntax error : missing ';' before identifier 'reference'
        ../../libs/type_traits/iter_swap_example.cpp(79) : see reference to class template instantiation '_STL::iterator_traits<int *>' being compiled
        ../../libs/type_traits/iter_swap_example.cpp(103) : see reference to function template instantiation 'void __cdecl opt::iter_swap(int *,int *)' being compiled
e:/stlport/stlport\stl/_iterator_base.h(107) : error C2868: 'reference' : illegal syntax for using-declaration; expected qualified-name
        ../../libs/type_traits/iter_swap_example.cpp(79) : see reference to class template instantiation '_STL::iterator_traits<int *>' being compiled
        ../../libs/type_traits/iter_swap_example.cpp(103) : see reference to function template instantiation 'void __cdecl opt::iter_swap(int *,int *)' being compiled
Fail

